make all --print-data-base --no-builtin-variables --no-builtin-rules --question
# GNU Make 3.81
# Copyright (C) 2006  Free Software Foundation, Inc.
# This is free software; see the source for copying conditions.
# There is NO warranty; not even for MERCHANTABILITY or FITNESS FOR A
# PARTICULAR PURPOSE.

# This program built for i386-apple-darwin11.3.0
 
make: *** No rule to make target `ft_printf.o', needed by `libftprintf.a'.  Stop.


# Make data base, printed on Sat Sep 24 23:29:22 2022

# Variables

# automatic
<D = $(patsubst %/,%,$(dir $<))
 
# automatic
?F = $(notdir $?)
# environment
ELECTRON_NO_ATTACH_CONSOLE = 1
# makefile (from `Makefile', line 19)
OBJ = $(SRC:.c=.o)
# makefile (from `Makefile', line 15)
SRC = ft_printf.c ft_printf_util.c ft_printf_util2.c
# environment
LC_CTYPE = UTF-8
# environment
VSCODE_LOG_NATIVE = false
# automatic
?D = $(patsubst %/,%,$(dir $?))
# automatic
@D = $(patsubst %/,%,$(dir $@))
# automatic
@F = $(notdir $@)
# makefile
CURDIR := /Users/buntakansirikamonthip/42Cursus/ft_printf
# makefile
SHELL = /bin/sh
# environment
VSCODE_NLS_CONFIG = {"locale":"en-us","availableLanguages":{},"_languagePackSupport":true}
# environment
_ = /usr/bin/make
# makefile (from `Makefile', line 22)
CFLAGS = -Wall -Werror -Wextra
# makefile (from `Makefile', line 1)
MAKEFILE_LIST :=  Makefile
# environment
VSCODE_VERBOSE_LOGGING = true
# environment
__CFBundleIdentifier = com.microsoft.VSCode
# environment
INFOPATH = /opt/homebrew/share/info:
# environment
VSCODE_IPC_HOOK_EXTHOST = /var/folders/kp/c7d0j08n3mjgyphnqsw6dkrr0000gn/T/vscode-ipc-0f168552-3096-4d0d-a23c-bce93e8ef391.sock
# environment
VSCODE_CWD = /Users/buntakansirikamonthip/42Cursus/ft_printf
# environment
PATH = /opt/homebrew/opt/python@3.10/bin:/opt/homebrew/opt/python@3.10/bin:/opt/homebrew/opt/openjdk/bin:/opt/homebrew/bin:/opt/homebrew/sbin:/usr/local/bin:/usr/bin:/bin:/usr/sbin:/sbin:/Library/Apple/usr/bin
# environment
LaunchInstanceID = A2D1792A-1BB0-4235-9654-DC158342A23A
# environment
VSCODE_LOG_STACK = false
# environment
ELECTRON_RUN_AS_NODE = 1
# default
.FEATURES := target-specific order-only second-expansion else-if archives jobserver check-symlink
# environment
SSH_AUTH_SOCK = /private/tmp/com.apple.launchd.APGKsJuNO1/Listeners
# automatic
%F = $(notdir $%)
# environment
VSCODE_PIPE_LOGGING = true
# environment
PWD = /Users/buntakansirikamonthip/42Cursus/ft_printf
# environment
HOMEBREW_CELLAR = /opt/homebrew/Cellar
# environment
ORIGINAL_XDG_CURRENT_DESKTOP = undefined
# environment
MANPATH = /opt/homebrew/share/man::
# environment
VSCODE_AMD_ENTRYPOINT = vs/workbench/api/node/extensionHostProcess
# environment
HOME = /Users/buntakansirikamonthip
# default
MAKEFILEPATH = $(shell /usr/bin/xcode-select -print-path 2>/dev/null || echo /Developer)/Makefiles
# environment
VSCODE_CLI = 1
# environment
VSCODE_CODE_CACHE_PATH = /Users/buntakansirikamonthip/Library/Application Support/Code/CachedData/30d9c6cd9483b2cc586687151bcbcd635f373630
# environment
LOGNAME = buntakansirikamonthip
# environment
APPLICATION_INSIGHTS_NO_DIAGNOSTIC_CHANNEL = true
# environment
VSCODE_HANDLES_UNCAUGHT_ERRORS = true
# automatic
^D = $(patsubst %/,%,$(dir $^))
# environment
XPC_FLAGS = 0x0
# environment
COLORTERM = truecolor
# default
MAKE = $(MAKE_COMMAND)
# environment
LC_TERMINAL = iTerm2
# environment
SHLVL = 3
# makefile (from `Makefile', line 21)
CC = gcc
# default
MAKE_VERSION := 3.81
# environment
USER = buntakansirikamonthip
# makefile
.DEFAULT_GOAL := all
# default
MAKECMDGOALS := all
# environment
TERM_SESSION_ID = w0t0p0:88B974DB-475F-4986-806E-EA6CD6318ABB
# makefile (from `Makefile', line 13)
NAME = libftprintf.a
# automatic
%D = $(patsubst %/,%,$(dir $%))
# default
MAKE_COMMAND := /Library/Developer/CommandLineTools/usr/bin/make
# environment
 
TERM_PROGRAM = iTerm.app
# default
.VARIABLES := 
# environment
TMPDIR = /var/folders/kp/c7d0j08n3mjgyphnqsw6dkrr0000gn/T/
# automatic
*F = $(notdir $*)
# environment
VSCODE_IPC_HOOK = /Users/buntakansirikamonthip/Library/Application Support/Code/1.68.1-main.sock
# makefile
MAKEFLAGS = Rrqp
# environment
MFLAGS = -Rrqp
# automatic
*D = $(patsubst %/,%,$(dir $*))
# environment
TERM_PROGRAM_VERSION = 3.4.16
# environment
XPC_SERVICE_NAME = application.com.microsoft.VSCode.691651.691657.8F6753A2-08B1-401A-AC07-B28FF8045EF0
# environment
LC_TERMINAL_VERSION = 3.4.16
# environment
HOMEBREW_PREFIX = /opt/homebrew
# automatic
+D = $(patsubst %/,%,$(dir $+))
# automatic
+F = $(notdir $+)
# environment
ITERM_SESSION_ID = w0t0p0:88B974DB-475F-4986-806E-EA6CD6318ABB
# environment
HOMEBREW_REPOSITORY = /opt/homebrew
# environment
COLORFGBG = 7;0
# environment
__CF_USER_TEXT_ENCODING = 0x1F5:0x0:0x0
# environment
COMMAND_MODE = unix2003
# default
MAKEFILES := 
# automatic
<F = $(notdir $<)
# environment
ITERM_PROFILE = Default
# environment
LC_ALL = C
# makefile (from `Makefile', line 23)
HEADER = ft_printf.h
# environment
SECURITYSESSIONID = 186ac
# automatic
^F = $(notdir $^)
# default
SUFFIXES := 
# default
.INCLUDE_DIRS = /usr/local/include
# environment
MAKELEVEL := 0
# environment
LANG = C
# environment
TERM = xterm-256color
# environment
VSCODE_PID = 66295
# variable set hash-table stats:
# Load=88/1024=9%, Rehash=0, Collisions=6/117=5%

# Pattern-specific Variable Values

# No pattern-specific variable values.

# Directories

# . (device 16777232, inode 5394496): 12 files, no impossibilities.

# 12 files, no impossibilities in 1 directories.

# Implicit Rules

# No implicit rules.

# Files

all: libftprintf.a
#  Phony target (prerequisite of .PHONY).
#  Command-line target.
#  Implicit rule search has not been done.
#  File does not exist.
#  File has not been updated.
# variable set hash-table stats:
# Load=0/32=0%, Rehash=0, Collisions=0/0=0%

n:
#  Implicit rule search has not been done.
#  Modification time never checked.
#  File has not been updated.
#  commands to execute (from `Makefile', line 43):
	@norminette ft*.c
 
	

.PHONY: clean fclean re all
#  Implicit rule search has not been done.
#  Modification time never checked.
#  File has not been updated.

# Not a target:
ft_printf.o:
#  Implicit rule search has been done.
#  File does not exist.
#  File has not been updated.
# variable set hash-table stats:
# Load=0/32=0%, Rehash=0, Collisions=0/0=0%

# Not a target:
.SUFFIXES:
#  Implicit rule search has not been done.
#  Modification time never checked.
#  File has not been updated.

# Not a target:
Makefile:
#  Implicit rule search has been done.
#  Last modified 2022-09-24 23:28:48
#  File has been updated.
#  Successfully updated.
# variable set hash-table stats:
# Load=0/32=0%, Rehash=0, Collisions=0/0=0%

# Not a target:
ft_printf_util2.o:
#  Implicit rule search has not been done.
#  Modification time never checked.
#  File has not been updated.

fclean: clean
#  Phony target (prerequisite of .PHONY).
#  Implicit rule search has not been done.
#  File does not exist.
#  File has not been updated.
#  commands to execute (from `Makefile', line 38):
	rm -f $(NAME)
	

# Not a target:
.DEFAULT:
#  Implicit rule search has not been done.
#  Modification time never checked.
#  File has not been updated.

re: fclean all
#  Phony target (prerequisite of .PHONY).
#  Implicit rule search has not been done.
#  File does not exist.
#  File has not been updated.

clean:
#  Phony target (prerequisite of .PHONY).
#  Implicit rule search has not been done.
#  File does not exist.
#  File has not been updated.
#  commands to execute (from `Makefile', line 35):
	rm -f $(OBJ)
	

# Not a target:
ft_printf.h:
#  Implicit rule search has not been done.
#  Modification time never checked.
#  File has not been updated.

libftprintf.a: ft_printf.o ft_printf_util.o ft_printf_util2.o ft_printf.h
#  Implicit rule search has not been done.
#  File does not exist.
#  File has not been updated.
# variable set hash-table stats:
# Load=0/32=0%, Rehash=0, Collisions=0/0=0%
#  commands to execute (from `Makefile', line 28):
	ar rcs $(NAME) $(OBJ)
	

# Not a target:
ft_printf_util.o:
#  Implicit rule search has not been done.
#  Modification time never checked.
#  File has not been updated.

# files hash-table stats:
# Load=14/1024=1%, Rehash=0, Collisions=0/39=0%
# VPATH Search Paths

# No `vpath' search paths.

# No general (`VPATH' variable) search path.

# # of strings in strcache: 1
# # of strcache buffers: 1
# strcache size: total = 4096 / max = 4096 / min = 4096 / avg = 4096
# strcache free: total = 4087 / max = 4087 / min = 4087 / avg = 4087

# Finished Make data base on Sat Sep 24 23:29:22 2022

 
